2021-03-08 10:04:49,011 - Log4JLogChute initialized using file 'velocity.log'
2021-03-08 10:04:49,011 - Starting Apache Velocity v1.6.2 (compiled: 2009-02-19 16:29:46)
2021-03-08 10:04:49,012 - Default Properties File: org\apache\velocity\runtime\defaults\velocity.properties
2021-03-08 10:04:49,012 - Trying to use logger class org.apache.velocity.runtime.log.AvalonLogChute
2021-03-08 10:04:49,012 - Target log system for org.apache.velocity.runtime.log.AvalonLogChute is not available (java.lang.NoClassDefFoundError: org/apache/log/format/Formatter).  Falling back to next log system...
2021-03-08 10:04:49,012 - Trying to use logger class org.apache.velocity.runtime.log.Log4JLogChute
2021-03-08 10:04:49,012 - Using logger class org.apache.velocity.runtime.log.Log4JLogChute
2021-03-08 10:04:49,026 - ResourceLoader instantiated: org.apache.velocity.runtime.resource.loader.ClasspathResourceLoader
2021-03-08 10:04:49,050 - ResourceCache: initialized (class org.apache.velocity.runtime.resource.ResourceCacheImpl) with class java.util.Collections$SynchronizedMap cache map.
2021-03-08 10:04:49,052 - Loaded System Directive: org.apache.velocity.runtime.directive.Define
2021-03-08 10:04:49,054 - Loaded System Directive: org.apache.velocity.runtime.directive.Break
2021-03-08 10:04:49,056 - Loaded System Directive: org.apache.velocity.runtime.directive.Evaluate
2021-03-08 10:04:49,057 - Loaded System Directive: org.apache.velocity.runtime.directive.Literal
2021-03-08 10:04:49,058 - Loaded System Directive: org.apache.velocity.runtime.directive.Macro
2021-03-08 10:04:49,065 - Loaded System Directive: org.apache.velocity.runtime.directive.Parse
2021-03-08 10:04:49,067 - Loaded System Directive: org.apache.velocity.runtime.directive.Include
2021-03-08 10:04:49,069 - Loaded System Directive: org.apache.velocity.runtime.directive.Foreach
2021-03-08 10:04:49,118 - Created '20' parsers.
2021-03-08 10:04:49,128 - Velocimacro : "velocimacro.library" is not set.  Trying default library: VM_global_library.vm
2021-03-08 10:04:49,130 - Could not load resource 'VM_global_library.vm' from ResourceLoader org.apache.velocity.runtime.resource.loader.ClasspathResourceLoader: 
org.apache.velocity.exception.ResourceNotFoundException: ClasspathResourceLoader Error: cannot find resource VM_global_library.vm
	at org.apache.velocity.runtime.resource.loader.ClasspathResourceLoader.getResourceStream(ClasspathResourceLoader.java:131)
	at org.apache.velocity.runtime.resource.loader.ResourceLoader.resourceExists(ResourceLoader.java:224)
	at org.apache.velocity.runtime.resource.ResourceManagerImpl.getLoaderForResource(ResourceManagerImpl.java:641)
	at org.apache.velocity.runtime.resource.ResourceManagerImpl.getLoaderNameForResource(ResourceManagerImpl.java:624)
	at org.apache.velocity.runtime.RuntimeInstance.getLoaderNameForResource(RuntimeInstance.java:1464)
	at org.apache.velocity.runtime.VelocimacroFactory.initVelocimacro(VelocimacroFactory.java:159)
	at org.apache.velocity.runtime.RuntimeInstance.init(RuntimeInstance.java:261)
	at org.apache.velocity.runtime.RuntimeInstance.init(RuntimeInstance.java:589)
	at org.apache.velocity.app.VelocityEngine.<init>(VelocityEngine.java:96)
	at com.baomidou.mybatisplus.generator.engine.VelocityTemplateEngine.init(VelocityTemplateEngine.java:57)
	at com.baomidou.mybatisplus.generator.engine.VelocityTemplateEngine.init(VelocityTemplateEngine.java:42)
	at com.baomidou.mybatisplus.generator.AutoGenerator.execute(AutoGenerator.java:98)
	at com.woniu.yujiaweb.util.MPAutoCodeConfig.main(MPAutoCodeConfig.java:91)
2021-03-08 10:04:49,132 - Velocimacro : Default library not found.
2021-03-08 10:04:49,132 - Velocimacro : allowInline = true : VMs can be defined inline in templates
2021-03-08 10:04:49,132 - Velocimacro : allowInlineToOverride = false : VMs defined inline may NOT replace previous VM definitions
2021-03-08 10:04:49,132 - Velocimacro : allowInlineLocal = false : VMs defined inline will be global in scope if allowed.
2021-03-08 10:04:49,132 - Velocimacro : autoload off : VM system will not automatically reload global library macros
2021-03-08 10:04:49,212 - ResourceManager : found /templates/entity.java.vm with loader org.apache.velocity.runtime.resource.loader.ClasspathResourceLoader
2021-03-08 10:04:49,244 - Left side (${versionFieldName}) of '==' operation has null value. If it is a reference, it may not be in the context or its toString() returned null. /templates/entity.java.vm[line 84, column 26]
2021-03-08 10:04:49,244 - Left side (${versionFieldName}) of '==' operation has null value. If it is a reference, it may not be in the context or its toString() returned null. /templates/entity.java.vm[line 84, column 26]
2021-03-08 10:04:49,244 - Left side (${versionFieldName}) of '==' operation has null value. If it is a reference, it may not be in the context or its toString() returned null. /templates/entity.java.vm[line 84, column 26]
2021-03-08 10:04:49,245 - Left side (${versionFieldName}) of '==' operation has null value. If it is a reference, it may not be in the context or its toString() returned null. /templates/entity.java.vm[line 84, column 26]
2021-03-08 10:04:49,245 - Left side (${versionFieldName}) of '==' operation has null value. If it is a reference, it may not be in the context or its toString() returned null. /templates/entity.java.vm[line 84, column 26]
2021-03-08 10:04:49,245 - Left side (${versionFieldName}) of '==' operation has null value. If it is a reference, it may not be in the context or its toString() returned null. /templates/entity.java.vm[line 84, column 26]
2021-03-08 10:04:49,245 - Left side (${versionFieldName}) of '==' operation has null value. If it is a reference, it may not be in the context or its toString() returned null. /templates/entity.java.vm[line 84, column 26]
2021-03-08 10:04:49,252 - Left side (${versionFieldName}) of '==' operation has null value. If it is a reference, it may not be in the context or its toString() returned null. /templates/entity.java.vm[line 84, column 26]
2021-03-08 10:04:49,253 - Left side (${versionFieldName}) of '==' operation has null value. If it is a reference, it may not be in the context or its toString() returned null. /templates/entity.java.vm[line 84, column 26]
2021-03-08 10:04:49,253 - Left side (${versionFieldName}) of '==' operation has null value. If it is a reference, it may not be in the context or its toString() returned null. /templates/entity.java.vm[line 84, column 26]
2021-03-08 10:04:49,253 - Left side (${versionFieldName}) of '==' operation has null value. If it is a reference, it may not be in the context or its toString() returned null. /templates/entity.java.vm[line 84, column 26]
2021-03-08 10:04:49,268 - ResourceManager : found /templates/mapper.java.vm with loader org.apache.velocity.runtime.resource.loader.ClasspathResourceLoader
2021-03-08 10:04:49,286 - ResourceManager : found /templates/mapper.xml.vm with loader org.apache.velocity.runtime.resource.loader.ClasspathResourceLoader
2021-03-08 10:04:49,289 - ResourceManager : found /templates/service.java.vm with loader org.apache.velocity.runtime.resource.loader.ClasspathResourceLoader
2021-03-08 10:04:49,316 - ResourceManager : found /templates/serviceImpl.java.vm with loader org.apache.velocity.runtime.resource.loader.ClasspathResourceLoader
2021-03-08 10:04:49,349 - ResourceManager : found /templates/controller.java.vm with loader org.apache.velocity.runtime.resource.loader.ClasspathResourceLoader
2021-03-09 10:38:12,296 - Log4JLogChute initialized using file 'velocity.log'
2021-03-09 10:38:12,298 - Starting Apache Velocity v1.6.2 (compiled: 2009-02-19 16:29:46)
2021-03-09 10:38:12,298 - Default Properties File: org\apache\velocity\runtime\defaults\velocity.properties
2021-03-09 10:38:12,298 - Trying to use logger class org.apache.velocity.runtime.log.AvalonLogChute
2021-03-09 10:38:12,298 - Target log system for org.apache.velocity.runtime.log.AvalonLogChute is not available (java.lang.NoClassDefFoundError: org/apache/log/format/Formatter).  Falling back to next log system...
2021-03-09 10:38:12,298 - Trying to use logger class org.apache.velocity.runtime.log.Log4JLogChute
2021-03-09 10:38:12,299 - Using logger class org.apache.velocity.runtime.log.Log4JLogChute
2021-03-09 10:38:12,308 - ResourceLoader instantiated: org.apache.velocity.runtime.resource.loader.ClasspathResourceLoader
2021-03-09 10:38:12,334 - ResourceCache: initialized (class org.apache.velocity.runtime.resource.ResourceCacheImpl) with class java.util.Collections$SynchronizedMap cache map.
2021-03-09 10:38:12,336 - Loaded System Directive: org.apache.velocity.runtime.directive.Define
2021-03-09 10:38:12,337 - Loaded System Directive: org.apache.velocity.runtime.directive.Break
2021-03-09 10:38:12,338 - Loaded System Directive: org.apache.velocity.runtime.directive.Evaluate
2021-03-09 10:38:12,339 - Loaded System Directive: org.apache.velocity.runtime.directive.Literal
2021-03-09 10:38:12,341 - Loaded System Directive: org.apache.velocity.runtime.directive.Macro
2021-03-09 10:38:12,343 - Loaded System Directive: org.apache.velocity.runtime.directive.Parse
2021-03-09 10:38:12,345 - Loaded System Directive: org.apache.velocity.runtime.directive.Include
2021-03-09 10:38:12,346 - Loaded System Directive: org.apache.velocity.runtime.directive.Foreach
2021-03-09 10:38:12,390 - Created '20' parsers.
2021-03-09 10:38:12,399 - Velocimacro : "velocimacro.library" is not set.  Trying default library: VM_global_library.vm
2021-03-09 10:38:12,400 - Could not load resource 'VM_global_library.vm' from ResourceLoader org.apache.velocity.runtime.resource.loader.ClasspathResourceLoader: 
org.apache.velocity.exception.ResourceNotFoundException: ClasspathResourceLoader Error: cannot find resource VM_global_library.vm
	at org.apache.velocity.runtime.resource.loader.ClasspathResourceLoader.getResourceStream(ClasspathResourceLoader.java:131)
	at org.apache.velocity.runtime.resource.loader.ResourceLoader.resourceExists(ResourceLoader.java:224)
	at org.apache.velocity.runtime.resource.ResourceManagerImpl.getLoaderForResource(ResourceManagerImpl.java:641)
	at org.apache.velocity.runtime.resource.ResourceManagerImpl.getLoaderNameForResource(ResourceManagerImpl.java:624)
	at org.apache.velocity.runtime.RuntimeInstance.getLoaderNameForResource(RuntimeInstance.java:1464)
	at org.apache.velocity.runtime.VelocimacroFactory.initVelocimacro(VelocimacroFactory.java:159)
	at org.apache.velocity.runtime.RuntimeInstance.init(RuntimeInstance.java:261)
	at org.apache.velocity.runtime.RuntimeInstance.init(RuntimeInstance.java:589)
	at org.apache.velocity.app.VelocityEngine.<init>(VelocityEngine.java:96)
	at com.baomidou.mybatisplus.generator.engine.VelocityTemplateEngine.init(VelocityTemplateEngine.java:57)
	at com.baomidou.mybatisplus.generator.engine.VelocityTemplateEngine.init(VelocityTemplateEngine.java:42)
	at com.baomidou.mybatisplus.generator.AutoGenerator.execute(AutoGenerator.java:98)
	at com.woniu.yujiaweb.util.MPAutoCodeConfig.main(MPAutoCodeConfig.java:91)
2021-03-09 10:38:12,401 - Velocimacro : Default library not found.
2021-03-09 10:38:12,402 - Velocimacro : allowInline = true : VMs can be defined inline in templates
2021-03-09 10:38:12,402 - Velocimacro : allowInlineToOverride = false : VMs defined inline may NOT replace previous VM definitions
2021-03-09 10:38:12,402 - Velocimacro : allowInlineLocal = false : VMs defined inline will be global in scope if allowed.
2021-03-09 10:38:12,402 - Velocimacro : autoload off : VM system will not automatically reload global library macros
2021-03-09 10:38:12,439 - ResourceManager : found /templates/mapper.xml.vm with loader org.apache.velocity.runtime.resource.loader.ClasspathResourceLoader
2021-03-09 10:55:22,751 - Log4JLogChute initialized using file 'velocity.log'
2021-03-09 10:55:22,752 - Starting Apache Velocity v1.6.2 (compiled: 2009-02-19 16:29:46)
2021-03-09 10:55:22,752 - Default Properties File: org\apache\velocity\runtime\defaults\velocity.properties
2021-03-09 10:55:22,752 - Trying to use logger class org.apache.velocity.runtime.log.AvalonLogChute
2021-03-09 10:55:22,752 - Target log system for org.apache.velocity.runtime.log.AvalonLogChute is not available (java.lang.NoClassDefFoundError: org/apache/log/format/Formatter).  Falling back to next log system...
2021-03-09 10:55:22,753 - Trying to use logger class org.apache.velocity.runtime.log.Log4JLogChute
2021-03-09 10:55:22,753 - Using logger class org.apache.velocity.runtime.log.Log4JLogChute
2021-03-09 10:55:22,780 - ResourceLoader instantiated: org.apache.velocity.runtime.resource.loader.ClasspathResourceLoader
2021-03-09 10:55:22,819 - ResourceCache: initialized (class org.apache.velocity.runtime.resource.ResourceCacheImpl) with class java.util.Collections$SynchronizedMap cache map.
2021-03-09 10:55:22,838 - Loaded System Directive: org.apache.velocity.runtime.directive.Define
2021-03-09 10:55:22,840 - Loaded System Directive: org.apache.velocity.runtime.directive.Break
2021-03-09 10:55:22,842 - Loaded System Directive: org.apache.velocity.runtime.directive.Evaluate
2021-03-09 10:55:22,843 - Loaded System Directive: org.apache.velocity.runtime.directive.Literal
2021-03-09 10:55:22,844 - Loaded System Directive: org.apache.velocity.runtime.directive.Macro
2021-03-09 10:55:22,846 - Loaded System Directive: org.apache.velocity.runtime.directive.Parse
2021-03-09 10:55:22,848 - Loaded System Directive: org.apache.velocity.runtime.directive.Include
2021-03-09 10:55:22,849 - Loaded System Directive: org.apache.velocity.runtime.directive.Foreach
2021-03-09 10:55:22,908 - Created '20' parsers.
2021-03-09 10:55:22,917 - Velocimacro : "velocimacro.library" is not set.  Trying default library: VM_global_library.vm
2021-03-09 10:55:22,919 - Could not load resource 'VM_global_library.vm' from ResourceLoader org.apache.velocity.runtime.resource.loader.ClasspathResourceLoader: 
org.apache.velocity.exception.ResourceNotFoundException: ClasspathResourceLoader Error: cannot find resource VM_global_library.vm
	at org.apache.velocity.runtime.resource.loader.ClasspathResourceLoader.getResourceStream(ClasspathResourceLoader.java:131)
	at org.apache.velocity.runtime.resource.loader.ResourceLoader.resourceExists(ResourceLoader.java:224)
	at org.apache.velocity.runtime.resource.ResourceManagerImpl.getLoaderForResource(ResourceManagerImpl.java:641)
	at org.apache.velocity.runtime.resource.ResourceManagerImpl.getLoaderNameForResource(ResourceManagerImpl.java:624)
	at org.apache.velocity.runtime.RuntimeInstance.getLoaderNameForResource(RuntimeInstance.java:1464)
	at org.apache.velocity.runtime.VelocimacroFactory.initVelocimacro(VelocimacroFactory.java:159)
	at org.apache.velocity.runtime.RuntimeInstance.init(RuntimeInstance.java:261)
	at org.apache.velocity.runtime.RuntimeInstance.init(RuntimeInstance.java:589)
	at org.apache.velocity.app.VelocityEngine.<init>(VelocityEngine.java:96)
	at com.baomidou.mybatisplus.generator.engine.VelocityTemplateEngine.init(VelocityTemplateEngine.java:57)
	at com.baomidou.mybatisplus.generator.engine.VelocityTemplateEngine.init(VelocityTemplateEngine.java:42)
	at com.baomidou.mybatisplus.generator.AutoGenerator.execute(AutoGenerator.java:98)
	at com.woniu.yujiaweb.util.MPAutoCodeConfig.main(MPAutoCodeConfig.java:91)
2021-03-09 10:55:22,921 - Velocimacro : Default library not found.
2021-03-09 10:55:22,921 - Velocimacro : allowInline = true : VMs can be defined inline in templates
2021-03-09 10:55:22,921 - Velocimacro : allowInlineToOverride = false : VMs defined inline may NOT replace previous VM definitions
2021-03-09 10:55:22,921 - Velocimacro : allowInlineLocal = false : VMs defined inline will be global in scope if allowed.
2021-03-09 10:55:22,921 - Velocimacro : autoload off : VM system will not automatically reload global library macros
2021-03-09 11:02:04,184 - Log4JLogChute initialized using file 'velocity.log'
2021-03-09 11:02:04,185 - Starting Apache Velocity v1.6.2 (compiled: 2009-02-19 16:29:46)
2021-03-09 11:02:04,185 - Default Properties File: org\apache\velocity\runtime\defaults\velocity.properties
2021-03-09 11:02:04,185 - Trying to use logger class org.apache.velocity.runtime.log.AvalonLogChute
2021-03-09 11:02:04,185 - Target log system for org.apache.velocity.runtime.log.AvalonLogChute is not available (java.lang.NoClassDefFoundError: org/apache/log/format/Formatter).  Falling back to next log system...
2021-03-09 11:02:04,186 - Trying to use logger class org.apache.velocity.runtime.log.Log4JLogChute
2021-03-09 11:02:04,186 - Using logger class org.apache.velocity.runtime.log.Log4JLogChute
2021-03-09 11:02:04,193 - ResourceLoader instantiated: org.apache.velocity.runtime.resource.loader.ClasspathResourceLoader
2021-03-09 11:02:04,218 - ResourceCache: initialized (class org.apache.velocity.runtime.resource.ResourceCacheImpl) with class java.util.Collections$SynchronizedMap cache map.
2021-03-09 11:02:04,220 - Loaded System Directive: org.apache.velocity.runtime.directive.Define
2021-03-09 11:02:04,221 - Loaded System Directive: org.apache.velocity.runtime.directive.Break
2021-03-09 11:02:04,223 - Loaded System Directive: org.apache.velocity.runtime.directive.Evaluate
2021-03-09 11:02:04,224 - Loaded System Directive: org.apache.velocity.runtime.directive.Literal
2021-03-09 11:02:04,226 - Loaded System Directive: org.apache.velocity.runtime.directive.Macro
2021-03-09 11:02:04,228 - Loaded System Directive: org.apache.velocity.runtime.directive.Parse
2021-03-09 11:02:04,230 - Loaded System Directive: org.apache.velocity.runtime.directive.Include
2021-03-09 11:02:04,232 - Loaded System Directive: org.apache.velocity.runtime.directive.Foreach
2021-03-09 11:02:04,297 - Created '20' parsers.
2021-03-09 11:02:04,307 - Velocimacro : "velocimacro.library" is not set.  Trying default library: VM_global_library.vm
2021-03-09 11:02:04,309 - Could not load resource 'VM_global_library.vm' from ResourceLoader org.apache.velocity.runtime.resource.loader.ClasspathResourceLoader: 
org.apache.velocity.exception.ResourceNotFoundException: ClasspathResourceLoader Error: cannot find resource VM_global_library.vm
	at org.apache.velocity.runtime.resource.loader.ClasspathResourceLoader.getResourceStream(ClasspathResourceLoader.java:131)
	at org.apache.velocity.runtime.resource.loader.ResourceLoader.resourceExists(ResourceLoader.java:224)
	at org.apache.velocity.runtime.resource.ResourceManagerImpl.getLoaderForResource(ResourceManagerImpl.java:641)
	at org.apache.velocity.runtime.resource.ResourceManagerImpl.getLoaderNameForResource(ResourceManagerImpl.java:624)
	at org.apache.velocity.runtime.RuntimeInstance.getLoaderNameForResource(RuntimeInstance.java:1464)
	at org.apache.velocity.runtime.VelocimacroFactory.initVelocimacro(VelocimacroFactory.java:159)
	at org.apache.velocity.runtime.RuntimeInstance.init(RuntimeInstance.java:261)
	at org.apache.velocity.runtime.RuntimeInstance.init(RuntimeInstance.java:589)
	at org.apache.velocity.app.VelocityEngine.<init>(VelocityEngine.java:96)
	at com.baomidou.mybatisplus.generator.engine.VelocityTemplateEngine.init(VelocityTemplateEngine.java:57)
	at com.baomidou.mybatisplus.generator.engine.VelocityTemplateEngine.init(VelocityTemplateEngine.java:42)
	at com.baomidou.mybatisplus.generator.AutoGenerator.execute(AutoGenerator.java:98)
	at com.woniu.yujiaweb.util.MPAutoCodeConfig.main(MPAutoCodeConfig.java:85)
2021-03-09 11:02:04,310 - Velocimacro : Default library not found.
2021-03-09 11:02:04,311 - Velocimacro : allowInline = true : VMs can be defined inline in templates
2021-03-09 11:02:04,311 - Velocimacro : allowInlineToOverride = false : VMs defined inline may NOT replace previous VM definitions
2021-03-09 11:02:04,311 - Velocimacro : allowInlineLocal = false : VMs defined inline will be global in scope if allowed.
2021-03-09 11:02:04,311 - Velocimacro : autoload off : VM system will not automatically reload global library macros
2021-03-09 11:02:04,405 - ResourceManager : found /templates/entity.java.vm with loader org.apache.velocity.runtime.resource.loader.ClasspathResourceLoader
2021-03-09 11:02:04,426 - ResourceManager : found /templates/mapper.java.vm with loader org.apache.velocity.runtime.resource.loader.ClasspathResourceLoader
2021-03-09 11:02:04,431 - ResourceManager : found /templates/mapper.xml.vm with loader org.apache.velocity.runtime.resource.loader.ClasspathResourceLoader
2021-03-09 11:02:04,436 - ResourceManager : found /templates/service.java.vm with loader org.apache.velocity.runtime.resource.loader.ClasspathResourceLoader
2021-03-09 11:02:04,440 - ResourceManager : found /templates/serviceImpl.java.vm with loader org.apache.velocity.runtime.resource.loader.ClasspathResourceLoader
2021-03-09 11:02:04,444 - ResourceManager : found /templates/controller.java.vm with loader org.apache.velocity.runtime.resource.loader.ClasspathResourceLoader
2021-03-09 11:05:08,084 - Log4JLogChute initialized using file 'velocity.log'
2021-03-09 11:05:08,085 - Starting Apache Velocity v1.6.2 (compiled: 2009-02-19 16:29:46)
2021-03-09 11:05:08,085 - Default Properties File: org\apache\velocity\runtime\defaults\velocity.properties
2021-03-09 11:05:08,085 - Trying to use logger class org.apache.velocity.runtime.log.AvalonLogChute
2021-03-09 11:05:08,085 - Target log system for org.apache.velocity.runtime.log.AvalonLogChute is not available (java.lang.NoClassDefFoundError: org/apache/log/format/Formatter).  Falling back to next log system...
2021-03-09 11:05:08,085 - Trying to use logger class org.apache.velocity.runtime.log.Log4JLogChute
2021-03-09 11:05:08,085 - Using logger class org.apache.velocity.runtime.log.Log4JLogChute
2021-03-09 11:05:08,090 - ResourceLoader instantiated: org.apache.velocity.runtime.resource.loader.ClasspathResourceLoader
2021-03-09 11:05:08,110 - ResourceCache: initialized (class org.apache.velocity.runtime.resource.ResourceCacheImpl) with class java.util.Collections$SynchronizedMap cache map.
2021-03-09 11:05:08,112 - Loaded System Directive: org.apache.velocity.runtime.directive.Define
2021-03-09 11:05:08,113 - Loaded System Directive: org.apache.velocity.runtime.directive.Break
2021-03-09 11:05:08,115 - Loaded System Directive: org.apache.velocity.runtime.directive.Evaluate
2021-03-09 11:05:08,115 - Loaded System Directive: org.apache.velocity.runtime.directive.Literal
2021-03-09 11:05:08,117 - Loaded System Directive: org.apache.velocity.runtime.directive.Macro
2021-03-09 11:05:08,119 - Loaded System Directive: org.apache.velocity.runtime.directive.Parse
2021-03-09 11:05:08,121 - Loaded System Directive: org.apache.velocity.runtime.directive.Include
2021-03-09 11:05:08,122 - Loaded System Directive: org.apache.velocity.runtime.directive.Foreach
2021-03-09 11:05:08,157 - Created '20' parsers.
2021-03-09 11:05:08,165 - Velocimacro : "velocimacro.library" is not set.  Trying default library: VM_global_library.vm
2021-03-09 11:05:08,168 - Could not load resource 'VM_global_library.vm' from ResourceLoader org.apache.velocity.runtime.resource.loader.ClasspathResourceLoader: 
org.apache.velocity.exception.ResourceNotFoundException: ClasspathResourceLoader Error: cannot find resource VM_global_library.vm
	at org.apache.velocity.runtime.resource.loader.ClasspathResourceLoader.getResourceStream(ClasspathResourceLoader.java:131)
	at org.apache.velocity.runtime.resource.loader.ResourceLoader.resourceExists(ResourceLoader.java:224)
	at org.apache.velocity.runtime.resource.ResourceManagerImpl.getLoaderForResource(ResourceManagerImpl.java:641)
	at org.apache.velocity.runtime.resource.ResourceManagerImpl.getLoaderNameForResource(ResourceManagerImpl.java:624)
	at org.apache.velocity.runtime.RuntimeInstance.getLoaderNameForResource(RuntimeInstance.java:1464)
	at org.apache.velocity.runtime.VelocimacroFactory.initVelocimacro(VelocimacroFactory.java:159)
	at org.apache.velocity.runtime.RuntimeInstance.init(RuntimeInstance.java:261)
	at org.apache.velocity.runtime.RuntimeInstance.init(RuntimeInstance.java:589)
	at org.apache.velocity.app.VelocityEngine.<init>(VelocityEngine.java:96)
	at com.baomidou.mybatisplus.generator.engine.VelocityTemplateEngine.init(VelocityTemplateEngine.java:57)
	at com.baomidou.mybatisplus.generator.engine.VelocityTemplateEngine.init(VelocityTemplateEngine.java:42)
	at com.baomidou.mybatisplus.generator.AutoGenerator.execute(AutoGenerator.java:98)
	at com.woniu.yujiaweb.util.MPAutoCodeConfig.main(MPAutoCodeConfig.java:85)
2021-03-09 11:05:08,170 - Velocimacro : Default library not found.
2021-03-09 11:05:08,170 - Velocimacro : allowInline = true : VMs can be defined inline in templates
2021-03-09 11:05:08,170 - Velocimacro : allowInlineToOverride = false : VMs defined inline may NOT replace previous VM definitions
2021-03-09 11:05:08,170 - Velocimacro : allowInlineLocal = false : VMs defined inline will be global in scope if allowed.
2021-03-09 11:05:08,170 - Velocimacro : autoload off : VM system will not automatically reload global library macros
2021-03-09 11:05:52,402 - Log4JLogChute initialized using file 'velocity.log'
2021-03-09 11:05:52,403 - Starting Apache Velocity v1.6.2 (compiled: 2009-02-19 16:29:46)
2021-03-09 11:05:52,403 - Default Properties File: org\apache\velocity\runtime\defaults\velocity.properties
2021-03-09 11:05:52,403 - Trying to use logger class org.apache.velocity.runtime.log.AvalonLogChute
2021-03-09 11:05:52,403 - Target log system for org.apache.velocity.runtime.log.AvalonLogChute is not available (java.lang.NoClassDefFoundError: org/apache/log/format/Formatter).  Falling back to next log system...
2021-03-09 11:05:52,403 - Trying to use logger class org.apache.velocity.runtime.log.Log4JLogChute
2021-03-09 11:05:52,403 - Using logger class org.apache.velocity.runtime.log.Log4JLogChute
2021-03-09 11:05:52,413 - ResourceLoader instantiated: org.apache.velocity.runtime.resource.loader.ClasspathResourceLoader
2021-03-09 11:05:52,461 - ResourceCache: initialized (class org.apache.velocity.runtime.resource.ResourceCacheImpl) with class java.util.Collections$SynchronizedMap cache map.
2021-03-09 11:05:52,463 - Loaded System Directive: org.apache.velocity.runtime.directive.Define
2021-03-09 11:05:52,464 - Loaded System Directive: org.apache.velocity.runtime.directive.Break
2021-03-09 11:05:52,466 - Loaded System Directive: org.apache.velocity.runtime.directive.Evaluate
2021-03-09 11:05:52,466 - Loaded System Directive: org.apache.velocity.runtime.directive.Literal
2021-03-09 11:05:52,468 - Loaded System Directive: org.apache.velocity.runtime.directive.Macro
2021-03-09 11:05:52,469 - Loaded System Directive: org.apache.velocity.runtime.directive.Parse
2021-03-09 11:05:52,471 - Loaded System Directive: org.apache.velocity.runtime.directive.Include
2021-03-09 11:05:52,473 - Loaded System Directive: org.apache.velocity.runtime.directive.Foreach
2021-03-09 11:05:52,512 - Created '20' parsers.
2021-03-09 11:05:52,524 - Velocimacro : "velocimacro.library" is not set.  Trying default library: VM_global_library.vm
2021-03-09 11:05:52,525 - Could not load resource 'VM_global_library.vm' from ResourceLoader org.apache.velocity.runtime.resource.loader.ClasspathResourceLoader: 
org.apache.velocity.exception.ResourceNotFoundException: ClasspathResourceLoader Error: cannot find resource VM_global_library.vm
	at org.apache.velocity.runtime.resource.loader.ClasspathResourceLoader.getResourceStream(ClasspathResourceLoader.java:131)
	at org.apache.velocity.runtime.resource.loader.ResourceLoader.resourceExists(ResourceLoader.java:224)
	at org.apache.velocity.runtime.resource.ResourceManagerImpl.getLoaderForResource(ResourceManagerImpl.java:641)
	at org.apache.velocity.runtime.resource.ResourceManagerImpl.getLoaderNameForResource(ResourceManagerImpl.java:624)
	at org.apache.velocity.runtime.RuntimeInstance.getLoaderNameForResource(RuntimeInstance.java:1464)
	at org.apache.velocity.runtime.VelocimacroFactory.initVelocimacro(VelocimacroFactory.java:159)
	at org.apache.velocity.runtime.RuntimeInstance.init(RuntimeInstance.java:261)
	at org.apache.velocity.runtime.RuntimeInstance.init(RuntimeInstance.java:589)
	at org.apache.velocity.app.VelocityEngine.<init>(VelocityEngine.java:96)
	at com.baomidou.mybatisplus.generator.engine.VelocityTemplateEngine.init(VelocityTemplateEngine.java:57)
	at com.baomidou.mybatisplus.generator.engine.VelocityTemplateEngine.init(VelocityTemplateEngine.java:42)
	at com.baomidou.mybatisplus.generator.AutoGenerator.execute(AutoGenerator.java:98)
	at com.woniu.yujiaweb.util.MPAutoCodeConfig.main(MPAutoCodeConfig.java:91)
2021-03-09 11:05:52,527 - Velocimacro : Default library not found.
2021-03-09 11:05:52,527 - Velocimacro : allowInline = true : VMs can be defined inline in templates
2021-03-09 11:05:52,527 - Velocimacro : allowInlineToOverride = false : VMs defined inline may NOT replace previous VM definitions
2021-03-09 11:05:52,527 - Velocimacro : allowInlineLocal = false : VMs defined inline will be global in scope if allowed.
2021-03-09 11:05:52,527 - Velocimacro : autoload off : VM system will not automatically reload global library macros
2021-03-09 11:05:52,582 - ResourceManager : found /templates/entity.java.vm with loader org.apache.velocity.runtime.resource.loader.ClasspathResourceLoader
2021-03-09 11:05:52,597 - Left side (${versionFieldName}) of '==' operation has null value. If it is a reference, it may not be in the context or its toString() returned null. /templates/entity.java.vm[line 84, column 26]
2021-03-09 11:05:52,597 - Left side (${versionFieldName}) of '==' operation has null value. If it is a reference, it may not be in the context or its toString() returned null. /templates/entity.java.vm[line 84, column 26]
2021-03-09 11:05:52,597 - Left side (${versionFieldName}) of '==' operation has null value. If it is a reference, it may not be in the context or its toString() returned null. /templates/entity.java.vm[line 84, column 26]
2021-03-09 11:05:52,598 - Left side (${versionFieldName}) of '==' operation has null value. If it is a reference, it may not be in the context or its toString() returned null. /templates/entity.java.vm[line 84, column 26]
2021-03-09 11:05:52,599 - Left side (${versionFieldName}) of '==' operation has null value. If it is a reference, it may not be in the context or its toString() returned null. /templates/entity.java.vm[line 84, column 26]
2021-03-09 11:05:52,599 - Left side (${versionFieldName}) of '==' operation has null value. If it is a reference, it may not be in the context or its toString() returned null. /templates/entity.java.vm[line 84, column 26]
2021-03-09 11:05:52,599 - Left side (${versionFieldName}) of '==' operation has null value. If it is a reference, it may not be in the context or its toString() returned null. /templates/entity.java.vm[line 84, column 26]
2021-03-09 11:05:52,603 - Left side (${versionFieldName}) of '==' operation has null value. If it is a reference, it may not be in the context or its toString() returned null. /templates/entity.java.vm[line 84, column 26]
2021-03-09 11:05:52,604 - Left side (${versionFieldName}) of '==' operation has null value. If it is a reference, it may not be in the context or its toString() returned null. /templates/entity.java.vm[line 84, column 26]
2021-03-09 11:05:52,604 - Left side (${versionFieldName}) of '==' operation has null value. If it is a reference, it may not be in the context or its toString() returned null. /templates/entity.java.vm[line 84, column 26]
2021-03-09 11:05:52,604 - Left side (${versionFieldName}) of '==' operation has null value. If it is a reference, it may not be in the context or its toString() returned null. /templates/entity.java.vm[line 84, column 26]
2021-03-09 11:05:52,604 - Left side (${versionFieldName}) of '==' operation has null value. If it is a reference, it may not be in the context or its toString() returned null. /templates/entity.java.vm[line 84, column 26]
2021-03-09 11:05:52,605 - Left side (${versionFieldName}) of '==' operation has null value. If it is a reference, it may not be in the context or its toString() returned null. /templates/entity.java.vm[line 84, column 26]
2021-03-09 11:05:52,607 - ResourceManager : found /templates/mapper.java.vm with loader org.apache.velocity.runtime.resource.loader.ClasspathResourceLoader
2021-03-09 11:05:52,611 - ResourceManager : found /templates/service.java.vm with loader org.apache.velocity.runtime.resource.loader.ClasspathResourceLoader
2021-03-09 11:05:52,615 - ResourceManager : found /templates/serviceImpl.java.vm with loader org.apache.velocity.runtime.resource.loader.ClasspathResourceLoader
2021-03-09 11:05:52,621 - ResourceManager : found /templates/controller.java.vm with loader org.apache.velocity.runtime.resource.loader.ClasspathResourceLoader
2021-03-09 15:47:06,619 - Log4JLogChute initialized using file 'velocity.log'
2021-03-09 15:47:06,619 - Starting Apache Velocity v1.6.2 (compiled: 2009-02-19 16:29:46)
2021-03-09 15:47:06,619 - Default Properties File: org\apache\velocity\runtime\defaults\velocity.properties
2021-03-09 15:47:06,619 - Trying to use logger class org.apache.velocity.runtime.log.AvalonLogChute
2021-03-09 15:47:06,619 - Target log system for org.apache.velocity.runtime.log.AvalonLogChute is not available (java.lang.NoClassDefFoundError: org/apache/log/format/Formatter).  Falling back to next log system...
2021-03-09 15:47:06,620 - Trying to use logger class org.apache.velocity.runtime.log.Log4JLogChute
2021-03-09 15:47:06,620 - Using logger class org.apache.velocity.runtime.log.Log4JLogChute
2021-03-09 15:47:06,624 - ResourceLoader instantiated: org.apache.velocity.runtime.resource.loader.ClasspathResourceLoader
2021-03-09 15:47:06,650 - ResourceCache: initialized (class org.apache.velocity.runtime.resource.ResourceCacheImpl) with class java.util.Collections$SynchronizedMap cache map.
2021-03-09 15:47:06,651 - Loaded System Directive: org.apache.velocity.runtime.directive.Define
2021-03-09 15:47:06,653 - Loaded System Directive: org.apache.velocity.runtime.directive.Break
2021-03-09 15:47:06,653 - Loaded System Directive: org.apache.velocity.runtime.directive.Evaluate
2021-03-09 15:47:06,654 - Loaded System Directive: org.apache.velocity.runtime.directive.Literal
2021-03-09 15:47:06,656 - Loaded System Directive: org.apache.velocity.runtime.directive.Macro
2021-03-09 15:47:06,659 - Loaded System Directive: org.apache.velocity.runtime.directive.Parse
2021-03-09 15:47:06,661 - Loaded System Directive: org.apache.velocity.runtime.directive.Include
2021-03-09 15:47:06,662 - Loaded System Directive: org.apache.velocity.runtime.directive.Foreach
2021-03-09 15:47:06,723 - Created '20' parsers.
2021-03-09 15:47:06,732 - Velocimacro : "velocimacro.library" is not set.  Trying default library: VM_global_library.vm
2021-03-09 15:47:06,734 - Could not load resource 'VM_global_library.vm' from ResourceLoader org.apache.velocity.runtime.resource.loader.ClasspathResourceLoader: 
org.apache.velocity.exception.ResourceNotFoundException: ClasspathResourceLoader Error: cannot find resource VM_global_library.vm
	at org.apache.velocity.runtime.resource.loader.ClasspathResourceLoader.getResourceStream(ClasspathResourceLoader.java:131)
	at org.apache.velocity.runtime.resource.loader.ResourceLoader.resourceExists(ResourceLoader.java:224)
	at org.apache.velocity.runtime.resource.ResourceManagerImpl.getLoaderForResource(ResourceManagerImpl.java:641)
	at org.apache.velocity.runtime.resource.ResourceManagerImpl.getLoaderNameForResource(ResourceManagerImpl.java:624)
	at org.apache.velocity.runtime.RuntimeInstance.getLoaderNameForResource(RuntimeInstance.java:1464)
	at org.apache.velocity.runtime.VelocimacroFactory.initVelocimacro(VelocimacroFactory.java:159)
	at org.apache.velocity.runtime.RuntimeInstance.init(RuntimeInstance.java:261)
	at org.apache.velocity.runtime.RuntimeInstance.init(RuntimeInstance.java:589)
	at org.apache.velocity.app.VelocityEngine.<init>(VelocityEngine.java:96)
	at com.baomidou.mybatisplus.generator.engine.VelocityTemplateEngine.init(VelocityTemplateEngine.java:57)
	at com.baomidou.mybatisplus.generator.engine.VelocityTemplateEngine.init(VelocityTemplateEngine.java:42)
	at com.baomidou.mybatisplus.generator.AutoGenerator.execute(AutoGenerator.java:98)
	at com.woniu.yujiaweb.util.MPAutoCodeConfig.main(MPAutoCodeConfig.java:91)
2021-03-09 15:47:06,736 - Velocimacro : Default library not found.
2021-03-09 15:47:06,736 - Velocimacro : allowInline = true : VMs can be defined inline in templates
2021-03-09 15:47:06,736 - Velocimacro : allowInlineToOverride = false : VMs defined inline may NOT replace previous VM definitions
2021-03-09 15:47:06,736 - Velocimacro : allowInlineLocal = false : VMs defined inline will be global in scope if allowed.
2021-03-09 15:47:06,736 - Velocimacro : autoload off : VM system will not automatically reload global library macros
2021-03-09 15:47:06,804 - ResourceManager : found /templates/entity.java.vm with loader org.apache.velocity.runtime.resource.loader.ClasspathResourceLoader
2021-03-09 15:47:06,829 - Left side (${versionFieldName}) of '==' operation has null value. If it is a reference, it may not be in the context or its toString() returned null. /templates/entity.java.vm[line 84, column 26]
2021-03-09 15:47:06,830 - Left side (${versionFieldName}) of '==' operation has null value. If it is a reference, it may not be in the context or its toString() returned null. /templates/entity.java.vm[line 84, column 26]
2021-03-09 15:47:06,830 - Left side (${versionFieldName}) of '==' operation has null value. If it is a reference, it may not be in the context or its toString() returned null. /templates/entity.java.vm[line 84, column 26]
2021-03-09 15:47:06,830 - Left side (${versionFieldName}) of '==' operation has null value. If it is a reference, it may not be in the context or its toString() returned null. /templates/entity.java.vm[line 84, column 26]
2021-03-09 15:47:06,831 - Left side (${versionFieldName}) of '==' operation has null value. If it is a reference, it may not be in the context or its toString() returned null. /templates/entity.java.vm[line 84, column 26]
2021-03-09 15:47:06,831 - Left side (${versionFieldName}) of '==' operation has null value. If it is a reference, it may not be in the context or its toString() returned null. /templates/entity.java.vm[line 84, column 26]
2021-03-09 15:47:06,831 - Left side (${versionFieldName}) of '==' operation has null value. If it is a reference, it may not be in the context or its toString() returned null. /templates/entity.java.vm[line 84, column 26]
2021-03-09 15:47:06,840 - Left side (${versionFieldName}) of '==' operation has null value. If it is a reference, it may not be in the context or its toString() returned null. /templates/entity.java.vm[line 84, column 26]
2021-03-09 15:47:06,840 - Left side (${versionFieldName}) of '==' operation has null value. If it is a reference, it may not be in the context or its toString() returned null. /templates/entity.java.vm[line 84, column 26]
2021-03-09 15:47:06,840 - Left side (${versionFieldName}) of '==' operation has null value. If it is a reference, it may not be in the context or its toString() returned null. /templates/entity.java.vm[line 84, column 26]
2021-03-09 15:47:06,846 - ResourceManager : found /templates/mapper.java.vm with loader org.apache.velocity.runtime.resource.loader.ClasspathResourceLoader
2021-03-09 15:47:06,851 - ResourceManager : found /templates/mapper.xml.vm with loader org.apache.velocity.runtime.resource.loader.ClasspathResourceLoader
2021-03-09 15:47:06,855 - ResourceManager : found /templates/service.java.vm with loader org.apache.velocity.runtime.resource.loader.ClasspathResourceLoader
2021-03-09 15:47:06,863 - ResourceManager : found /templates/serviceImpl.java.vm with loader org.apache.velocity.runtime.resource.loader.ClasspathResourceLoader
2021-03-09 15:47:06,870 - ResourceManager : found /templates/controller.java.vm with loader org.apache.velocity.runtime.resource.loader.ClasspathResourceLoader
2021-03-09 16:35:24,326 - Log4JLogChute initialized using file 'velocity.log'
2021-03-09 16:35:24,327 - Starting Apache Velocity v1.6.2 (compiled: 2009-02-19 16:29:46)
2021-03-09 16:35:24,327 - Default Properties File: org\apache\velocity\runtime\defaults\velocity.properties
2021-03-09 16:35:24,328 - Trying to use logger class org.apache.velocity.runtime.log.AvalonLogChute
2021-03-09 16:35:24,328 - Target log system for org.apache.velocity.runtime.log.AvalonLogChute is not available (java.lang.NoClassDefFoundError: org/apache/log/format/Formatter).  Falling back to next log system...
2021-03-09 16:35:24,328 - Trying to use logger class org.apache.velocity.runtime.log.Log4JLogChute
2021-03-09 16:35:24,329 - Using logger class org.apache.velocity.runtime.log.Log4JLogChute
2021-03-09 16:35:24,336 - ResourceLoader instantiated: org.apache.velocity.runtime.resource.loader.ClasspathResourceLoader
2021-03-09 16:35:24,368 - ResourceCache: initialized (class org.apache.velocity.runtime.resource.ResourceCacheImpl) with class java.util.Collections$SynchronizedMap cache map.
2021-03-09 16:35:24,372 - Loaded System Directive: org.apache.velocity.runtime.directive.Define
2021-03-09 16:35:24,373 - Loaded System Directive: org.apache.velocity.runtime.directive.Break
2021-03-09 16:35:24,374 - Loaded System Directive: org.apache.velocity.runtime.directive.Evaluate
2021-03-09 16:35:24,375 - Loaded System Directive: org.apache.velocity.runtime.directive.Literal
2021-03-09 16:35:24,376 - Loaded System Directive: org.apache.velocity.runtime.directive.Macro
2021-03-09 16:35:24,378 - Loaded System Directive: org.apache.velocity.runtime.directive.Parse
2021-03-09 16:35:24,380 - Loaded System Directive: org.apache.velocity.runtime.directive.Include
2021-03-09 16:35:24,381 - Loaded System Directive: org.apache.velocity.runtime.directive.Foreach
2021-03-09 16:35:24,452 - Created '20' parsers.
2021-03-09 16:35:24,462 - Velocimacro : "velocimacro.library" is not set.  Trying default library: VM_global_library.vm
2021-03-09 16:35:24,463 - Could not load resource 'VM_global_library.vm' from ResourceLoader org.apache.velocity.runtime.resource.loader.ClasspathResourceLoader: 
org.apache.velocity.exception.ResourceNotFoundException: ClasspathResourceLoader Error: cannot find resource VM_global_library.vm
	at org.apache.velocity.runtime.resource.loader.ClasspathResourceLoader.getResourceStream(ClasspathResourceLoader.java:131)
	at org.apache.velocity.runtime.resource.loader.ResourceLoader.resourceExists(ResourceLoader.java:224)
	at org.apache.velocity.runtime.resource.ResourceManagerImpl.getLoaderForResource(ResourceManagerImpl.java:641)
	at org.apache.velocity.runtime.resource.ResourceManagerImpl.getLoaderNameForResource(ResourceManagerImpl.java:624)
	at org.apache.velocity.runtime.RuntimeInstance.getLoaderNameForResource(RuntimeInstance.java:1464)
	at org.apache.velocity.runtime.VelocimacroFactory.initVelocimacro(VelocimacroFactory.java:159)
	at org.apache.velocity.runtime.RuntimeInstance.init(RuntimeInstance.java:261)
	at org.apache.velocity.runtime.RuntimeInstance.init(RuntimeInstance.java:589)
	at org.apache.velocity.app.VelocityEngine.<init>(VelocityEngine.java:96)
	at com.baomidou.mybatisplus.generator.engine.VelocityTemplateEngine.init(VelocityTemplateEngine.java:57)
	at com.baomidou.mybatisplus.generator.engine.VelocityTemplateEngine.init(VelocityTemplateEngine.java:42)
	at com.baomidou.mybatisplus.generator.AutoGenerator.execute(AutoGenerator.java:98)
	at com.woniu.yujiaweb.util.MPAutoCodeConfig.main(MPAutoCodeConfig.java:91)
2021-03-09 16:35:24,465 - Velocimacro : Default library not found.
2021-03-09 16:35:24,465 - Velocimacro : allowInline = true : VMs can be defined inline in templates
2021-03-09 16:35:24,465 - Velocimacro : allowInlineToOverride = false : VMs defined inline may NOT replace previous VM definitions
2021-03-09 16:35:24,465 - Velocimacro : allowInlineLocal = false : VMs defined inline will be global in scope if allowed.
2021-03-09 16:35:24,466 - Velocimacro : autoload off : VM system will not automatically reload global library macros
2021-03-09 16:35:24,520 - ResourceManager : found /templates/entity.java.vm with loader org.apache.velocity.runtime.resource.loader.ClasspathResourceLoader
2021-03-09 16:35:24,535 - Left side (${versionFieldName}) of '==' operation has null value. If it is a reference, it may not be in the context or its toString() returned null. /templates/entity.java.vm[line 84, column 26]
2021-03-09 16:35:24,536 - Left side (${versionFieldName}) of '==' operation has null value. If it is a reference, it may not be in the context or its toString() returned null. /templates/entity.java.vm[line 84, column 26]
2021-03-09 16:35:24,537 - Left side (${versionFieldName}) of '==' operation has null value. If it is a reference, it may not be in the context or its toString() returned null. /templates/entity.java.vm[line 84, column 26]
2021-03-09 16:35:24,538 - Left side (${versionFieldName}) of '==' operation has null value. If it is a reference, it may not be in the context or its toString() returned null. /templates/entity.java.vm[line 84, column 26]
2021-03-09 16:35:24,541 - ResourceManager : found /templates/mapper.java.vm with loader org.apache.velocity.runtime.resource.loader.ClasspathResourceLoader
2021-03-09 16:35:24,546 - ResourceManager : found /templates/mapper.xml.vm with loader org.apache.velocity.runtime.resource.loader.ClasspathResourceLoader
2021-03-09 16:35:24,551 - ResourceManager : found /templates/service.java.vm with loader org.apache.velocity.runtime.resource.loader.ClasspathResourceLoader
2021-03-09 16:35:24,556 - ResourceManager : found /templates/serviceImpl.java.vm with loader org.apache.velocity.runtime.resource.loader.ClasspathResourceLoader
2021-03-09 16:35:24,560 - ResourceManager : found /templates/controller.java.vm with loader org.apache.velocity.runtime.resource.loader.ClasspathResourceLoader
2021-03-09 16:40:27,839 - Log4JLogChute initialized using file 'velocity.log'
2021-03-09 16:40:27,841 - Starting Apache Velocity v1.6.2 (compiled: 2009-02-19 16:29:46)
2021-03-09 16:40:27,841 - Default Properties File: org\apache\velocity\runtime\defaults\velocity.properties
2021-03-09 16:40:27,841 - Trying to use logger class org.apache.velocity.runtime.log.AvalonLogChute
2021-03-09 16:40:27,841 - Target log system for org.apache.velocity.runtime.log.AvalonLogChute is not available (java.lang.NoClassDefFoundError: org/apache/log/format/Formatter).  Falling back to next log system...
2021-03-09 16:40:27,841 - Trying to use logger class org.apache.velocity.runtime.log.Log4JLogChute
2021-03-09 16:40:27,841 - Using logger class org.apache.velocity.runtime.log.Log4JLogChute
2021-03-09 16:40:27,854 - ResourceLoader instantiated: org.apache.velocity.runtime.resource.loader.ClasspathResourceLoader
2021-03-09 16:40:27,897 - ResourceCache: initialized (class org.apache.velocity.runtime.resource.ResourceCacheImpl) with class java.util.Collections$SynchronizedMap cache map.
2021-03-09 16:40:27,900 - Loaded System Directive: org.apache.velocity.runtime.directive.Define
2021-03-09 16:40:27,901 - Loaded System Directive: org.apache.velocity.runtime.directive.Break
2021-03-09 16:40:27,902 - Loaded System Directive: org.apache.velocity.runtime.directive.Evaluate
2021-03-09 16:40:27,903 - Loaded System Directive: org.apache.velocity.runtime.directive.Literal
2021-03-09 16:40:27,905 - Loaded System Directive: org.apache.velocity.runtime.directive.Macro
2021-03-09 16:40:27,908 - Loaded System Directive: org.apache.velocity.runtime.directive.Parse
2021-03-09 16:40:27,910 - Loaded System Directive: org.apache.velocity.runtime.directive.Include
2021-03-09 16:40:27,911 - Loaded System Directive: org.apache.velocity.runtime.directive.Foreach
2021-03-09 16:40:27,952 - Created '20' parsers.
2021-03-09 16:40:27,962 - Velocimacro : "velocimacro.library" is not set.  Trying default library: VM_global_library.vm
2021-03-09 16:40:27,963 - Could not load resource 'VM_global_library.vm' from ResourceLoader org.apache.velocity.runtime.resource.loader.ClasspathResourceLoader: 
org.apache.velocity.exception.ResourceNotFoundException: ClasspathResourceLoader Error: cannot find resource VM_global_library.vm
	at org.apache.velocity.runtime.resource.loader.ClasspathResourceLoader.getResourceStream(ClasspathResourceLoader.java:131)
	at org.apache.velocity.runtime.resource.loader.ResourceLoader.resourceExists(ResourceLoader.java:224)
	at org.apache.velocity.runtime.resource.ResourceManagerImpl.getLoaderForResource(ResourceManagerImpl.java:641)
	at org.apache.velocity.runtime.resource.ResourceManagerImpl.getLoaderNameForResource(ResourceManagerImpl.java:624)
	at org.apache.velocity.runtime.RuntimeInstance.getLoaderNameForResource(RuntimeInstance.java:1464)
	at org.apache.velocity.runtime.VelocimacroFactory.initVelocimacro(VelocimacroFactory.java:159)
	at org.apache.velocity.runtime.RuntimeInstance.init(RuntimeInstance.java:261)
	at org.apache.velocity.runtime.RuntimeInstance.init(RuntimeInstance.java:589)
	at org.apache.velocity.app.VelocityEngine.<init>(VelocityEngine.java:96)
	at com.baomidou.mybatisplus.generator.engine.VelocityTemplateEngine.init(VelocityTemplateEngine.java:57)
	at com.baomidou.mybatisplus.generator.engine.VelocityTemplateEngine.init(VelocityTemplateEngine.java:42)
	at com.baomidou.mybatisplus.generator.AutoGenerator.execute(AutoGenerator.java:98)
	at com.woniu.yujiaweb.util.MPAutoCodeConfig.main(MPAutoCodeConfig.java:91)
2021-03-09 16:40:27,966 - Velocimacro : Default library not found.
2021-03-09 16:40:27,966 - Velocimacro : allowInline = true : VMs can be defined inline in templates
2021-03-09 16:40:27,966 - Velocimacro : allowInlineToOverride = false : VMs defined inline may NOT replace previous VM definitions
2021-03-09 16:40:27,967 - Velocimacro : allowInlineLocal = false : VMs defined inline will be global in scope if allowed.
2021-03-09 16:40:27,967 - Velocimacro : autoload off : VM system will not automatically reload global library macros
2021-03-09 19:30:08,085 - Log4JLogChute initialized using file 'velocity.log'
2021-03-09 19:30:08,085 - Starting Apache Velocity v1.6.2 (compiled: 2009-02-19 16:29:46)
2021-03-09 19:30:08,086 - Default Properties File: org\apache\velocity\runtime\defaults\velocity.properties
2021-03-09 19:30:08,086 - Trying to use logger class org.apache.velocity.runtime.log.AvalonLogChute
2021-03-09 19:30:08,086 - Target log system for org.apache.velocity.runtime.log.AvalonLogChute is not available (java.lang.NoClassDefFoundError: org/apache/log/format/Formatter).  Falling back to next log system...
2021-03-09 19:30:08,086 - Trying to use logger class org.apache.velocity.runtime.log.Log4JLogChute
2021-03-09 19:30:08,086 - Using logger class org.apache.velocity.runtime.log.Log4JLogChute
2021-03-09 19:30:08,099 - ResourceLoader instantiated: org.apache.velocity.runtime.resource.loader.ClasspathResourceLoader
2021-03-09 19:30:08,183 - ResourceCache: initialized (class org.apache.velocity.runtime.resource.ResourceCacheImpl) with class java.util.Collections$SynchronizedMap cache map.
2021-03-09 19:30:08,185 - Loaded System Directive: org.apache.velocity.runtime.directive.Define
2021-03-09 19:30:08,186 - Loaded System Directive: org.apache.velocity.runtime.directive.Break
2021-03-09 19:30:08,188 - Loaded System Directive: org.apache.velocity.runtime.directive.Evaluate
2021-03-09 19:30:08,189 - Loaded System Directive: org.apache.velocity.runtime.directive.Literal
2021-03-09 19:30:08,192 - Loaded System Directive: org.apache.velocity.runtime.directive.Macro
2021-03-09 19:30:08,194 - Loaded System Directive: org.apache.velocity.runtime.directive.Parse
2021-03-09 19:30:08,196 - Loaded System Directive: org.apache.velocity.runtime.directive.Include
2021-03-09 19:30:08,197 - Loaded System Directive: org.apache.velocity.runtime.directive.Foreach
2021-03-09 19:30:08,280 - Created '20' parsers.
2021-03-09 19:30:08,290 - Velocimacro : "velocimacro.library" is not set.  Trying default library: VM_global_library.vm
2021-03-09 19:30:08,295 - Could not load resource 'VM_global_library.vm' from ResourceLoader org.apache.velocity.runtime.resource.loader.ClasspathResourceLoader: 
org.apache.velocity.exception.ResourceNotFoundException: ClasspathResourceLoader Error: cannot find resource VM_global_library.vm
	at org.apache.velocity.runtime.resource.loader.ClasspathResourceLoader.getResourceStream(ClasspathResourceLoader.java:131)
	at org.apache.velocity.runtime.resource.loader.ResourceLoader.resourceExists(ResourceLoader.java:224)
	at org.apache.velocity.runtime.resource.ResourceManagerImpl.getLoaderForResource(ResourceManagerImpl.java:641)
	at org.apache.velocity.runtime.resource.ResourceManagerImpl.getLoaderNameForResource(ResourceManagerImpl.java:624)
	at org.apache.velocity.runtime.RuntimeInstance.getLoaderNameForResource(RuntimeInstance.java:1464)
	at org.apache.velocity.runtime.VelocimacroFactory.initVelocimacro(VelocimacroFactory.java:159)
	at org.apache.velocity.runtime.RuntimeInstance.init(RuntimeInstance.java:261)
	at org.apache.velocity.runtime.RuntimeInstance.init(RuntimeInstance.java:589)
	at org.apache.velocity.app.VelocityEngine.<init>(VelocityEngine.java:96)
	at com.baomidou.mybatisplus.generator.engine.VelocityTemplateEngine.init(VelocityTemplateEngine.java:57)
	at com.baomidou.mybatisplus.generator.engine.VelocityTemplateEngine.init(VelocityTemplateEngine.java:42)
	at com.baomidou.mybatisplus.generator.AutoGenerator.execute(AutoGenerator.java:98)
	at com.woniu.yujiaweb.util.MPAutoCodeConfig.main(MPAutoCodeConfig.java:91)
2021-03-09 19:30:08,304 - Velocimacro : Default library not found.
2021-03-09 19:30:08,304 - Velocimacro : allowInline = true : VMs can be defined inline in templates
2021-03-09 19:30:08,304 - Velocimacro : allowInlineToOverride = false : VMs defined inline may NOT replace previous VM definitions
2021-03-09 19:30:08,305 - Velocimacro : allowInlineLocal = false : VMs defined inline will be global in scope if allowed.
2021-03-09 19:30:08,305 - Velocimacro : autoload off : VM system will not automatically reload global library macros
2021-03-09 19:30:08,343 - ResourceManager : found /templates/mapper.java.vm with loader org.apache.velocity.runtime.resource.loader.ClasspathResourceLoader
2021-03-09 19:30:08,368 - ResourceManager : found /templates/service.java.vm with loader org.apache.velocity.runtime.resource.loader.ClasspathResourceLoader
2021-03-09 19:30:08,378 - ResourceManager : found /templates/serviceImpl.java.vm with loader org.apache.velocity.runtime.resource.loader.ClasspathResourceLoader
2021-03-10 11:44:35,334 - Log4JLogChute initialized using file 'velocity.log'
2021-03-10 11:44:35,335 - Starting Apache Velocity v1.6.2 (compiled: 2009-02-19 16:29:46)
2021-03-10 11:44:35,335 - Default Properties File: org\apache\velocity\runtime\defaults\velocity.properties
2021-03-10 11:44:35,336 - Trying to use logger class org.apache.velocity.runtime.log.AvalonLogChute
2021-03-10 11:44:35,336 - Target log system for org.apache.velocity.runtime.log.AvalonLogChute is not available (java.lang.NoClassDefFoundError: org/apache/log/format/Formatter).  Falling back to next log system...
2021-03-10 11:44:35,336 - Trying to use logger class org.apache.velocity.runtime.log.Log4JLogChute
2021-03-10 11:44:35,336 - Using logger class org.apache.velocity.runtime.log.Log4JLogChute
2021-03-10 11:44:35,343 - ResourceLoader instantiated: org.apache.velocity.runtime.resource.loader.ClasspathResourceLoader
2021-03-10 11:44:35,365 - ResourceCache: initialized (class org.apache.velocity.runtime.resource.ResourceCacheImpl) with class java.util.Collections$SynchronizedMap cache map.
2021-03-10 11:44:35,369 - Loaded System Directive: org.apache.velocity.runtime.directive.Define
2021-03-10 11:44:35,370 - Loaded System Directive: org.apache.velocity.runtime.directive.Break
2021-03-10 11:44:35,372 - Loaded System Directive: org.apache.velocity.runtime.directive.Evaluate
2021-03-10 11:44:35,373 - Loaded System Directive: org.apache.velocity.runtime.directive.Literal
2021-03-10 11:44:35,374 - Loaded System Directive: org.apache.velocity.runtime.directive.Macro
2021-03-10 11:44:35,378 - Loaded System Directive: org.apache.velocity.runtime.directive.Parse
2021-03-10 11:44:35,380 - Loaded System Directive: org.apache.velocity.runtime.directive.Include
2021-03-10 11:44:35,381 - Loaded System Directive: org.apache.velocity.runtime.directive.Foreach
2021-03-10 11:44:35,420 - Created '20' parsers.
2021-03-10 11:44:35,444 - Velocimacro : "velocimacro.library" is not set.  Trying default library: VM_global_library.vm
2021-03-10 11:44:35,446 - Could not load resource 'VM_global_library.vm' from ResourceLoader org.apache.velocity.runtime.resource.loader.ClasspathResourceLoader: 
org.apache.velocity.exception.ResourceNotFoundException: ClasspathResourceLoader Error: cannot find resource VM_global_library.vm
	at org.apache.velocity.runtime.resource.loader.ClasspathResourceLoader.getResourceStream(ClasspathResourceLoader.java:131)
	at org.apache.velocity.runtime.resource.loader.ResourceLoader.resourceExists(ResourceLoader.java:224)
	at org.apache.velocity.runtime.resource.ResourceManagerImpl.getLoaderForResource(ResourceManagerImpl.java:641)
	at org.apache.velocity.runtime.resource.ResourceManagerImpl.getLoaderNameForResource(ResourceManagerImpl.java:624)
	at org.apache.velocity.runtime.RuntimeInstance.getLoaderNameForResource(RuntimeInstance.java:1464)
	at org.apache.velocity.runtime.VelocimacroFactory.initVelocimacro(VelocimacroFactory.java:159)
	at org.apache.velocity.runtime.RuntimeInstance.init(RuntimeInstance.java:261)
	at org.apache.velocity.runtime.RuntimeInstance.init(RuntimeInstance.java:589)
	at org.apache.velocity.app.VelocityEngine.<init>(VelocityEngine.java:96)
	at com.baomidou.mybatisplus.generator.engine.VelocityTemplateEngine.init(VelocityTemplateEngine.java:57)
	at com.baomidou.mybatisplus.generator.engine.VelocityTemplateEngine.init(VelocityTemplateEngine.java:42)
	at com.baomidou.mybatisplus.generator.AutoGenerator.execute(AutoGenerator.java:98)
	at com.woniu.yujiaweb.util.MPAutoCodeConfig.main(MPAutoCodeConfig.java:91)
2021-03-10 11:44:35,448 - Velocimacro : Default library not found.
2021-03-10 11:44:35,448 - Velocimacro : allowInline = true : VMs can be defined inline in templates
2021-03-10 11:44:35,448 - Velocimacro : allowInlineToOverride = false : VMs defined inline may NOT replace previous VM definitions
2021-03-10 11:44:35,448 - Velocimacro : allowInlineLocal = false : VMs defined inline will be global in scope if allowed.
2021-03-10 11:44:35,449 - Velocimacro : autoload off : VM system will not automatically reload global library macros
2021-03-10 11:44:35,534 - ResourceManager : found /templates/entity.java.vm with loader org.apache.velocity.runtime.resource.loader.ClasspathResourceLoader
2021-03-10 11:44:35,548 - Left side (${versionFieldName}) of '==' operation has null value. If it is a reference, it may not be in the context or its toString() returned null. /templates/entity.java.vm[line 84, column 26]
2021-03-10 11:44:35,548 - Left side (${versionFieldName}) of '==' operation has null value. If it is a reference, it may not be in the context or its toString() returned null. /templates/entity.java.vm[line 84, column 26]
2021-03-10 11:44:35,548 - Left side (${versionFieldName}) of '==' operation has null value. If it is a reference, it may not be in the context or its toString() returned null. /templates/entity.java.vm[line 84, column 26]
2021-03-10 11:44:35,549 - Left side (${versionFieldName}) of '==' operation has null value. If it is a reference, it may not be in the context or its toString() returned null. /templates/entity.java.vm[line 84, column 26]
2021-03-10 11:44:35,549 - Left side (${versionFieldName}) of '==' operation has null value. If it is a reference, it may not be in the context or its toString() returned null. /templates/entity.java.vm[line 84, column 26]
2021-03-10 11:44:35,549 - Left side (${versionFieldName}) of '==' operation has null value. If it is a reference, it may not be in the context or its toString() returned null. /templates/entity.java.vm[line 84, column 26]
2021-03-10 11:44:35,549 - Left side (${versionFieldName}) of '==' operation has null value. If it is a reference, it may not be in the context or its toString() returned null. /templates/entity.java.vm[line 84, column 26]
2021-03-10 11:44:35,552 - ResourceManager : found /templates/mapper.java.vm with loader org.apache.velocity.runtime.resource.loader.ClasspathResourceLoader
2021-03-10 11:44:35,556 - ResourceManager : found /templates/mapper.xml.vm with loader org.apache.velocity.runtime.resource.loader.ClasspathResourceLoader
2021-03-10 11:44:35,561 - ResourceManager : found /templates/service.java.vm with loader org.apache.velocity.runtime.resource.loader.ClasspathResourceLoader
2021-03-10 11:44:35,566 - ResourceManager : found /templates/serviceImpl.java.vm with loader org.apache.velocity.runtime.resource.loader.ClasspathResourceLoader
2021-03-10 11:44:35,570 - ResourceManager : found /templates/controller.java.vm with loader org.apache.velocity.runtime.resource.loader.ClasspathResourceLoader
2021-03-12 11:14:51,374 - Log4JLogChute initialized using file 'velocity.log'
2021-03-12 11:14:51,375 - Starting Apache Velocity v1.6.2 (compiled: 2009-02-19 16:29:46)
2021-03-12 11:14:51,375 - Default Properties File: org\apache\velocity\runtime\defaults\velocity.properties
2021-03-12 11:14:51,375 - Trying to use logger class org.apache.velocity.runtime.log.AvalonLogChute
2021-03-12 11:14:51,375 - Target log system for org.apache.velocity.runtime.log.AvalonLogChute is not available (java.lang.NoClassDefFoundError: org/apache/log/format/Formatter).  Falling back to next log system...
2021-03-12 11:14:51,375 - Trying to use logger class org.apache.velocity.runtime.log.Log4JLogChute
2021-03-12 11:14:51,375 - Using logger class org.apache.velocity.runtime.log.Log4JLogChute
2021-03-12 11:14:51,383 - ResourceLoader instantiated: org.apache.velocity.runtime.resource.loader.ClasspathResourceLoader
2021-03-12 11:14:51,405 - ResourceCache: initialized (class org.apache.velocity.runtime.resource.ResourceCacheImpl) with class java.util.Collections$SynchronizedMap cache map.
2021-03-12 11:14:51,407 - Loaded System Directive: org.apache.velocity.runtime.directive.Define
2021-03-12 11:14:51,408 - Loaded System Directive: org.apache.velocity.runtime.directive.Break
2021-03-12 11:14:51,409 - Loaded System Directive: org.apache.velocity.runtime.directive.Evaluate
2021-03-12 11:14:51,409 - Loaded System Directive: org.apache.velocity.runtime.directive.Literal
2021-03-12 11:14:51,411 - Loaded System Directive: org.apache.velocity.runtime.directive.Macro
2021-03-12 11:14:51,413 - Loaded System Directive: org.apache.velocity.runtime.directive.Parse
2021-03-12 11:14:51,415 - Loaded System Directive: org.apache.velocity.runtime.directive.Include
2021-03-12 11:14:51,416 - Loaded System Directive: org.apache.velocity.runtime.directive.Foreach
2021-03-12 11:14:51,484 - Created '20' parsers.
2021-03-12 11:14:51,492 - Velocimacro : "velocimacro.library" is not set.  Trying default library: VM_global_library.vm
2021-03-12 11:14:51,494 - Could not load resource 'VM_global_library.vm' from ResourceLoader org.apache.velocity.runtime.resource.loader.ClasspathResourceLoader: 
org.apache.velocity.exception.ResourceNotFoundException: ClasspathResourceLoader Error: cannot find resource VM_global_library.vm
	at org.apache.velocity.runtime.resource.loader.ClasspathResourceLoader.getResourceStream(ClasspathResourceLoader.java:131)
	at org.apache.velocity.runtime.resource.loader.ResourceLoader.resourceExists(ResourceLoader.java:224)
	at org.apache.velocity.runtime.resource.ResourceManagerImpl.getLoaderForResource(ResourceManagerImpl.java:641)
	at org.apache.velocity.runtime.resource.ResourceManagerImpl.getLoaderNameForResource(ResourceManagerImpl.java:624)
	at org.apache.velocity.runtime.RuntimeInstance.getLoaderNameForResource(RuntimeInstance.java:1464)
	at org.apache.velocity.runtime.VelocimacroFactory.initVelocimacro(VelocimacroFactory.java:159)
	at org.apache.velocity.runtime.RuntimeInstance.init(RuntimeInstance.java:261)
	at org.apache.velocity.runtime.RuntimeInstance.init(RuntimeInstance.java:589)
	at org.apache.velocity.app.VelocityEngine.<init>(VelocityEngine.java:96)
	at com.baomidou.mybatisplus.generator.engine.VelocityTemplateEngine.init(VelocityTemplateEngine.java:57)
	at com.baomidou.mybatisplus.generator.engine.VelocityTemplateEngine.init(VelocityTemplateEngine.java:42)
	at com.baomidou.mybatisplus.generator.AutoGenerator.execute(AutoGenerator.java:98)
	at com.woniu.yujiaweb.util.MPAutoCodeConfig.main(MPAutoCodeConfig.java:91)
2021-03-12 11:14:51,502 - Velocimacro : Default library not found.
2021-03-12 11:14:51,502 - Velocimacro : allowInline = true : VMs can be defined inline in templates
2021-03-12 11:14:51,503 - Velocimacro : allowInlineToOverride = false : VMs defined inline may NOT replace previous VM definitions
2021-03-12 11:14:51,503 - Velocimacro : allowInlineLocal = false : VMs defined inline will be global in scope if allowed.
2021-03-12 11:14:51,503 - Velocimacro : autoload off : VM system will not automatically reload global library macros
2021-03-12 11:14:51,559 - ResourceManager : found /templates/entity.java.vm with loader org.apache.velocity.runtime.resource.loader.ClasspathResourceLoader
2021-03-12 11:14:51,574 - Left side (${versionFieldName}) of '==' operation has null value. If it is a reference, it may not be in the context or its toString() returned null. /templates/entity.java.vm[line 84, column 26]
2021-03-12 11:14:51,574 - Left side (${versionFieldName}) of '==' operation has null value. If it is a reference, it may not be in the context or its toString() returned null. /templates/entity.java.vm[line 84, column 26]
2021-03-12 11:14:51,575 - Left side (${versionFieldName}) of '==' operation has null value. If it is a reference, it may not be in the context or its toString() returned null. /templates/entity.java.vm[line 84, column 26]
2021-03-12 11:14:51,575 - Left side (${versionFieldName}) of '==' operation has null value. If it is a reference, it may not be in the context or its toString() returned null. /templates/entity.java.vm[line 84, column 26]
2021-03-12 11:14:51,575 - Left side (${versionFieldName}) of '==' operation has null value. If it is a reference, it may not be in the context or its toString() returned null. /templates/entity.java.vm[line 84, column 26]
2021-03-12 11:14:51,575 - Left side (${versionFieldName}) of '==' operation has null value. If it is a reference, it may not be in the context or its toString() returned null. /templates/entity.java.vm[line 84, column 26]
2021-03-12 11:14:51,575 - Left side (${versionFieldName}) of '==' operation has null value. If it is a reference, it may not be in the context or its toString() returned null. /templates/entity.java.vm[line 84, column 26]
2021-03-12 11:14:51,581 - Left side (${versionFieldName}) of '==' operation has null value. If it is a reference, it may not be in the context or its toString() returned null. /templates/entity.java.vm[line 84, column 26]
2021-03-12 11:14:51,582 - Left side (${versionFieldName}) of '==' operation has null value. If it is a reference, it may not be in the context or its toString() returned null. /templates/entity.java.vm[line 84, column 26]
2021-03-12 11:14:51,582 - Left side (${versionFieldName}) of '==' operation has null value. If it is a reference, it may not be in the context or its toString() returned null. /templates/entity.java.vm[line 84, column 26]
2021-03-12 11:14:51,585 - ResourceManager : found /templates/mapper.java.vm with loader org.apache.velocity.runtime.resource.loader.ClasspathResourceLoader
2021-03-12 11:14:51,591 - ResourceManager : found /templates/mapper.xml.vm with loader org.apache.velocity.runtime.resource.loader.ClasspathResourceLoader
2021-03-12 11:14:51,599 - ResourceManager : found /templates/service.java.vm with loader org.apache.velocity.runtime.resource.loader.ClasspathResourceLoader
2021-03-12 11:14:51,603 - ResourceManager : found /templates/serviceImpl.java.vm with loader org.apache.velocity.runtime.resource.loader.ClasspathResourceLoader
2021-03-12 11:14:51,608 - ResourceManager : found /templates/controller.java.vm with loader org.apache.velocity.runtime.resource.loader.ClasspathResourceLoader
2021-03-12 11:21:52,160 - Log4JLogChute initialized using file 'velocity.log'
2021-03-12 11:21:52,161 - Starting Apache Velocity v1.6.2 (compiled: 2009-02-19 16:29:46)
2021-03-12 11:21:52,161 - Default Properties File: org\apache\velocity\runtime\defaults\velocity.properties
2021-03-12 11:21:52,161 - Trying to use logger class org.apache.velocity.runtime.log.AvalonLogChute
2021-03-12 11:21:52,161 - Target log system for org.apache.velocity.runtime.log.AvalonLogChute is not available (java.lang.NoClassDefFoundError: org/apache/log/format/Formatter).  Falling back to next log system...
2021-03-12 11:21:52,161 - Trying to use logger class org.apache.velocity.runtime.log.Log4JLogChute
2021-03-12 11:21:52,162 - Using logger class org.apache.velocity.runtime.log.Log4JLogChute
2021-03-12 11:21:52,167 - ResourceLoader instantiated: org.apache.velocity.runtime.resource.loader.ClasspathResourceLoader
2021-03-12 11:21:52,187 - ResourceCache: initialized (class org.apache.velocity.runtime.resource.ResourceCacheImpl) with class java.util.Collections$SynchronizedMap cache map.
2021-03-12 11:21:52,189 - Loaded System Directive: org.apache.velocity.runtime.directive.Define
2021-03-12 11:21:52,192 - Loaded System Directive: org.apache.velocity.runtime.directive.Break
2021-03-12 11:21:52,195 - Loaded System Directive: org.apache.velocity.runtime.directive.Evaluate
2021-03-12 11:21:52,196 - Loaded System Directive: org.apache.velocity.runtime.directive.Literal
2021-03-12 11:21:52,200 - Loaded System Directive: org.apache.velocity.runtime.directive.Macro
2021-03-12 11:21:52,202 - Loaded System Directive: org.apache.velocity.runtime.directive.Parse
2021-03-12 11:21:52,206 - Loaded System Directive: org.apache.velocity.runtime.directive.Include
2021-03-12 11:21:52,208 - Loaded System Directive: org.apache.velocity.runtime.directive.Foreach
2021-03-12 11:21:52,273 - Created '20' parsers.
2021-03-12 11:21:52,285 - Velocimacro : "velocimacro.library" is not set.  Trying default library: VM_global_library.vm
2021-03-12 11:21:52,288 - Could not load resource 'VM_global_library.vm' from ResourceLoader org.apache.velocity.runtime.resource.loader.ClasspathResourceLoader: 
org.apache.velocity.exception.ResourceNotFoundException: ClasspathResourceLoader Error: cannot find resource VM_global_library.vm
	at org.apache.velocity.runtime.resource.loader.ClasspathResourceLoader.getResourceStream(ClasspathResourceLoader.java:131)
	at org.apache.velocity.runtime.resource.loader.ResourceLoader.resourceExists(ResourceLoader.java:224)
	at org.apache.velocity.runtime.resource.ResourceManagerImpl.getLoaderForResource(ResourceManagerImpl.java:641)
	at org.apache.velocity.runtime.resource.ResourceManagerImpl.getLoaderNameForResource(ResourceManagerImpl.java:624)
	at org.apache.velocity.runtime.RuntimeInstance.getLoaderNameForResource(RuntimeInstance.java:1464)
	at org.apache.velocity.runtime.VelocimacroFactory.initVelocimacro(VelocimacroFactory.java:159)
	at org.apache.velocity.runtime.RuntimeInstance.init(RuntimeInstance.java:261)
	at org.apache.velocity.runtime.RuntimeInstance.init(RuntimeInstance.java:589)
	at org.apache.velocity.app.VelocityEngine.<init>(VelocityEngine.java:96)
	at com.baomidou.mybatisplus.generator.engine.VelocityTemplateEngine.init(VelocityTemplateEngine.java:57)
	at com.baomidou.mybatisplus.generator.engine.VelocityTemplateEngine.init(VelocityTemplateEngine.java:42)
	at com.baomidou.mybatisplus.generator.AutoGenerator.execute(AutoGenerator.java:98)
	at com.woniu.yujiaweb.util.MPAutoCodeConfig.main(MPAutoCodeConfig.java:91)
2021-03-12 11:21:52,291 - Velocimacro : Default library not found.
2021-03-12 11:21:52,291 - Velocimacro : allowInline = true : VMs can be defined inline in templates
2021-03-12 11:21:52,291 - Velocimacro : allowInlineToOverride = false : VMs defined inline may NOT replace previous VM definitions
2021-03-12 11:21:52,291 - Velocimacro : allowInlineLocal = false : VMs defined inline will be global in scope if allowed.
2021-03-12 11:21:52,291 - Velocimacro : autoload off : VM system will not automatically reload global library macros
